<?xml version="1.0" encoding="UTF-8"?>
<!-- Generated by org.testng.reporters.JUnitReportReporter -->
<testsuite hostname="LNLA020P3014" name="org.ieee.standards.RegAuthUDI.tests.RegAuthUDI_TC004_AdminDisablingConfidentialityOfListing_MAL" tests="5" failures="0" timestamp="22 Jun 2018 08:19:30 GMT" time="99.684" errors="0">
  <testcase name="Step11_logoutFrom_Application" time="18.460" classname="org.ieee.standards.RegAuthUDI.tests.RegAuthUDI_TC004_AdminDisablingConfidentialityOfListing_MAL"/>
  <testcase name="Step09_ChangeThe_Confidentiality_Listing" time="7.522" classname="org.ieee.standards.RegAuthUDI.tests.RegAuthUDI_TC004_AdminDisablingConfidentialityOfListing_MAL"/>
  <testcase name="Step08_Search_TicketID_FromRegistryOrder" time="45.362" classname="org.ieee.standards.RegAuthUDI.tests.RegAuthUDI_TC004_AdminDisablingConfidentialityOfListing_MAL"/>
  <testcase name="Step07_Launch_Application_And_Login_As_Admin" time="14.950" classname="org.ieee.standards.RegAuthUDI.tests.RegAuthUDI_TC004_AdminDisablingConfidentialityOfListing_MAL"/>
  <testcase name="Step10_Update_RegistryChanges" time="13.390" classname="org.ieee.standards.RegAuthUDI.tests.RegAuthUDI_TC004_AdminDisablingConfidentialityOfListing_MAL"/>
</testsuite> <!-- org.ieee.standards.RegAuthUDI.tests.RegAuthUDI_TC004_AdminDisablingConfidentialityOfListing_MAL -->
